2022-08-22 10:15:29.300  INFO [ProcessPensionService,,] 19960 --- [restartedMain] .c.ProcessPensionMicroserviceApplication : Starting ProcessPensionMicroserviceApplication using Java 11.0.5 on DESKTOP-QMAC5CD with PID 19960 (E:\Angular_Projects\PensionManagementSystem-master\PensionManagementSystem-master\process-pension-microservice\target\classes started by MUDIT MANGAL in E:\Angular_Projects\PensionManagementSystem-master\PensionManagementSystem-master\process-pension-microservice)
2022-08-22 10:15:29.311  INFO [ProcessPensionService,,] 19960 --- [restartedMain] .c.ProcessPensionMicroserviceApplication : No active profile set, falling back to default profiles: default
2022-08-22 10:15:29.416  INFO [ProcessPensionService,,] 19960 --- [restartedMain] .e.DevToolsPropertyDefaultsPostProcessor : Devtools property defaults active! Set 'spring.devtools.add-properties' to 'false' to disable
2022-08-22 10:15:29.417  INFO [ProcessPensionService,,] 19960 --- [restartedMain] .e.DevToolsPropertyDefaultsPostProcessor : For additional web related logging consider setting the 'logging.level.web' property to 'DEBUG'
2022-08-22 10:15:31.027  INFO [ProcessPensionService,,] 19960 --- [restartedMain] .s.d.r.c.RepositoryConfigurationDelegate : Bootstrapping Spring Data JPA repositories in DEFAULT mode.
2022-08-22 10:15:31.119  INFO [ProcessPensionService,,] 19960 --- [restartedMain] .s.d.r.c.RepositoryConfigurationDelegate : Finished Spring Data repository scanning in 83 ms. Found 1 JPA repository interfaces.
2022-08-22 10:15:31.554  INFO [ProcessPensionService,,] 19960 --- [restartedMain] o.s.cloud.context.scope.GenericScope     : BeanFactory id=aedbabc9-619a-3221-8f27-00d06022321f
2022-08-22 10:15:33.348  INFO [ProcessPensionService,,] 19960 --- [restartedMain] o.s.b.w.embedded.tomcat.TomcatWebServer  : Tomcat initialized with port(s): 9084 (http)
2022-08-22 10:15:33.364  INFO [ProcessPensionService,,] 19960 --- [restartedMain] o.apache.catalina.core.StandardService   : Starting service [Tomcat]
2022-08-22 10:15:33.365  INFO [ProcessPensionService,,] 19960 --- [restartedMain] org.apache.catalina.core.StandardEngine  : Starting Servlet engine: [Apache Tomcat/9.0.50]
2022-08-22 10:15:33.554  INFO [ProcessPensionService,,] 19960 --- [restartedMain] o.a.c.c.C.[Tomcat].[localhost].[/]       : Initializing Spring embedded WebApplicationContext
2022-08-22 10:15:33.555  INFO [ProcessPensionService,,] 19960 --- [restartedMain] w.s.c.ServletWebServerApplicationContext : Root WebApplicationContext: initialization completed in 4137 ms
2022-08-22 10:15:33.683  INFO [ProcessPensionService,,] 19960 --- [restartedMain] com.zaxxer.hikari.HikariDataSource       : HikariPool-1 - Starting...
2022-08-22 10:15:33.978  INFO [ProcessPensionService,,] 19960 --- [restartedMain] com.zaxxer.hikari.HikariDataSource       : HikariPool-1 - Start completed.
2022-08-22 10:15:33.987  INFO [ProcessPensionService,,] 19960 --- [restartedMain] o.s.b.a.h2.H2ConsoleAutoConfiguration    : H2 console available at '/h2-console'. Database available at 'jdbc:h2:mem:testDB'
2022-08-22 10:15:35.124  INFO [ProcessPensionService,,] 19960 --- [restartedMain] o.hibernate.jpa.internal.util.LogHelper  : HHH000204: Processing PersistenceUnitInfo [name: default]
2022-08-22 10:15:35.186  INFO [ProcessPensionService,,] 19960 --- [restartedMain] org.hibernate.Version                    : HHH000412: Hibernate ORM core version 5.4.32.Final
2022-08-22 10:15:35.369  INFO [ProcessPensionService,,] 19960 --- [restartedMain] o.hibernate.annotations.common.Version   : HCANN000001: Hibernate Commons Annotations {5.1.2.Final}
2022-08-22 10:15:35.532  INFO [ProcessPensionService,,] 19960 --- [restartedMain] org.hibernate.dialect.Dialect            : HHH000400: Using dialect: org.hibernate.dialect.H2Dialect
2022-08-22 10:15:37.134  INFO [ProcessPensionService,,] 19960 --- [restartedMain] o.h.e.t.j.p.i.JtaPlatformInitiator       : HHH000490: Using JtaPlatform implementation: [org.hibernate.engine.transaction.jta.platform.internal.NoJtaPlatform]
2022-08-22 10:15:37.147  INFO [ProcessPensionService,,] 19960 --- [restartedMain] j.LocalContainerEntityManagerFactoryBean : Initialized JPA EntityManagerFactory for persistence unit 'default'
2022-08-22 10:15:37.199  WARN [ProcessPensionService,,] 19960 --- [restartedMain] o.s.b.d.a.OptionalLiveReloadServer       : Unable to start LiveReload server
2022-08-22 10:15:37.390  WARN [ProcessPensionService,,] 19960 --- [restartedMain] JpaBaseConfiguration$JpaWebConfiguration : spring.jpa.open-in-view is enabled by default. Therefore, database queries may be performed during view rendering. Explicitly configure spring.jpa.open-in-view to disable this warning
2022-08-22 10:15:40.260  INFO [ProcessPensionService,,] 19960 --- [restartedMain] o.s.b.w.embedded.tomcat.TomcatWebServer  : Tomcat started on port(s): 9084 (http) with context path ''
2022-08-22 10:15:40.894  INFO [ProcessPensionService,,] 19960 --- [restartedMain] d.s.w.p.DocumentationPluginsBootstrapper : Context refreshed
2022-08-22 10:15:40.916  INFO [ProcessPensionService,,] 19960 --- [restartedMain] d.s.w.p.DocumentationPluginsBootstrapper : Found 1 custom documentation plugin(s)
2022-08-22 10:15:40.928  INFO [ProcessPensionService,,] 19960 --- [restartedMain] s.d.s.w.s.ApiListingReferenceScanner     : Scanning for api listing references
2022-08-22 10:15:41.104  INFO [ProcessPensionService,,] 19960 --- [restartedMain] .c.ProcessPensionMicroserviceApplication : Started ProcessPensionMicroserviceApplication in 12.888 seconds (JVM running for 13.819)
2022-08-22 10:20:23.841  INFO [ProcessPensionService,,] 19960 --- [http-nio-9084-exec-1] o.a.c.c.C.[Tomcat].[localhost].[/]       : Initializing Spring DispatcherServlet 'dispatcherServlet'
2022-08-22 10:20:23.842  INFO [ProcessPensionService,,] 19960 --- [http-nio-9084-exec-1] o.s.web.servlet.DispatcherServlet        : Initializing Servlet 'dispatcherServlet'
2022-08-22 10:20:23.845  INFO [ProcessPensionService,,] 19960 --- [http-nio-9084-exec-1] o.s.web.servlet.DispatcherServlet        : Completed initialization in 3 ms
2022-08-22 10:20:23.884  INFO [ProcessPensionService,5d9bd086ba650dbb,576a6bebc3eee08a] 19960 --- [http-nio-9084-exec-1] c.c.controller.ProcessPensionController  : STARTED - allDetail
2022-08-22 10:20:24.677  INFO [ProcessPensionService,5d9bd086ba650dbb,576a6bebc3eee08a] 19960 --- [http-nio-9084-exec-1] c.c.controller.ProcessPensionController  : END - allDetail
2022-08-22 10:21:03.352  INFO [ProcessPensionService,821cdf35722807c9,2b32bccd52f1a847] 19960 --- [http-nio-9084-exec-2] c.c.controller.ProcessPensionController  : STARTED - allDetail
2022-08-22 10:21:03.380  INFO [ProcessPensionService,821cdf35722807c9,2b32bccd52f1a847] 19960 --- [http-nio-9084-exec-2] c.c.controller.ProcessPensionController  : END - allDetail
2022-08-22 10:23:11.967  INFO [ProcessPensionService,b0b7d528d6a50caa,b547db5fa8880070] 19960 --- [http-nio-9084-exec-4] c.c.controller.ProcessPensionController  : STARTED - allDetail
2022-08-22 10:23:12.052  INFO [ProcessPensionService,b0b7d528d6a50caa,b547db5fa8880070] 19960 --- [http-nio-9084-exec-4] c.c.controller.ProcessPensionController  : END - allDetail
2022-08-22 10:27:20.629  INFO [ProcessPensionService,6982ae0fb36ef677,896c2bfb6c9fedf1] 19960 --- [http-nio-9084-exec-6] c.c.controller.ProcessPensionController  : STARTED - allDetail
2022-08-22 10:27:20.771  INFO [ProcessPensionService,6982ae0fb36ef677,896c2bfb6c9fedf1] 19960 --- [http-nio-9084-exec-6] c.c.controller.ProcessPensionController  : END - allDetail
2022-08-22 13:56:28.162  WARN [ProcessPensionService,,] 19960 --- [HikariPool-1 housekeeper] com.zaxxer.hikari.pool.HikariPool        : HikariPool-1 - Thread starvation or clock leap detected (housekeeper delta=3h23s251ms357µs200ns).
2022-08-22 14:25:37.833  WARN [ProcessPensionService,,] 19960 --- [HikariPool-1 housekeeper] com.zaxxer.hikari.pool.HikariPool        : HikariPool-1 - Thread starvation or clock leap detected (housekeeper delta=29m29s749ms547µs600ns).
